<?xml version="1.0" encoding="UTF-8"?>
<testsuites name="Mocha Tests" time="581.084" tests="42" failures="3">
  <testsuite name="Root Suite" timestamp="2026-08-14T06:55:47" tests="0" file="e2e\l4\report5-web.cy.ts" time="0.000" failures="0">
  </testsuite>
  <testsuite name="Report 5 L4 — real backend web journeys" timestamp="2026-08-14T06:55:47" tests="42" time="581.081" failures="3">
    <testcase name="Report 5 L4 — real backend web journeys L4-WEB-AUTH-01 — Approved user signs in to the role landing page" time="8.514" classname="L4-WEB-AUTH-01 — Approved user signs in to the role landing page">
    </testcase>
    <testcase name="Report 5 L4 — real backend web journeys L4-WEB-AUTH-02 — Protected route returns a guest to sign-in" time="1.076" classname="L4-WEB-AUTH-02 — Protected route returns a guest to sign-in">
    </testcase>
    <testcase name="Report 5 L4 — real backend web journeys L4-WEB-AUTH-03 — Signed-in user ends the session" time="7.330" classname="L4-WEB-AUTH-03 — Signed-in user ends the session">
    </testcase>
    <testcase name="Report 5 L4 — real backend web journeys L4-WEB-IMPORT-01 — Dispatcher imports an approved delivery file" time="5.711" classname="L4-WEB-IMPORT-01 — Dispatcher imports an approved delivery file">
    </testcase>
    <testcase name="Report 5 L4 — real backend web journeys L4-WEB-IMPORT-02 — Dispatcher reviews mixed accepted and rejected rows" time="14.190" classname="L4-WEB-IMPORT-02 — Dispatcher reviews mixed accepted and rejected rows">
    </testcase>
    <testcase name="Report 5 L4 — real backend web journeys L4-WEB-IMPORT-03 — Dispatcher exports the batch rejection report" time="13.837" classname="L4-WEB-IMPORT-03 — Dispatcher exports the batch rejection report">
    </testcase>
    <testcase name="Report 5 L4 — real backend web journeys L4-WEB-PLAN-01 — Dispatcher consolidates eligible orders by delivery date" time="13.939" classname="L4-WEB-PLAN-01 — Dispatcher consolidates eligible orders by delivery date">
    </testcase>
    <testcase name="Report 5 L4 — real backend web journeys L4-WEB-PLAN-03 — Dispatcher reviews draft totals and route context" time="14.134" classname="L4-WEB-PLAN-03 — Dispatcher reviews draft totals and route context">
    </testcase>
    <testcase name="Report 5 L4 — real backend web journeys L4-WEB-PLAN-04 — Dispatcher reviews ordered stops and order items" time="14.797" classname="L4-WEB-PLAN-04 — Dispatcher reviews ordered stops and order items">
    </testcase>
    <testcase name="Report 5 L4 — real backend web journeys L4-WEB-PLAN-05 — Dispatcher recalculates ETA after planning input is ready" time="16.298" classname="L4-WEB-PLAN-05 — Dispatcher recalculates ETA after planning input is ready">
    </testcase>
    <testcase name="Report 5 L4 — real backend web journeys L4-WEB-PLAN-06 — Dispatcher adjusts planned departure and receives refreshed ETA" time="14.123" classname="L4-WEB-PLAN-06 — Dispatcher adjusts planned departure and receives refreshed ETA">
    </testcase>
    <testcase name="Report 5 L4 — real backend web journeys L4-WEB-PLAN-08 — Dispatcher confirms a displayed feasible plan" time="17.102" classname="L4-WEB-PLAN-08 — Dispatcher confirms a displayed feasible plan">
    </testcase>
    <testcase name="Report 5 L4 — real backend web journeys L4-WEB-PLAN-07 — Dispatcher reviews ranked feasible recommendations" time="15.657" classname="L4-WEB-PLAN-07 — Dispatcher reviews ranked feasible recommendations">
    </testcase>
    <testcase name="Report 5 L4 — real backend web journeys L4-WEB-PLAN-09 — Dispatcher withdraws a plan before execution" time="14.297" classname="L4-WEB-PLAN-09 — Dispatcher withdraws a plan before execution">
    </testcase>
    <testcase name="Report 5 L4 — real backend web journeys L4-WEB-CAP-01 — Dispatcher validates draft payload and volume" time="14.445" classname="L4-WEB-CAP-01 — Dispatcher validates draft payload and volume">
    </testcase>
    <testcase name="Report 5 L4 — real backend web journeys L4-WEB-CAP-02 — Infeasible single-vehicle result offers the split path" time="13.986" classname="L4-WEB-CAP-02 — Infeasible single-vehicle result offers the split path">
    </testcase>
    <testcase name="Report 5 L4 — real backend web journeys L4-WEB-ASSIGN-01 — Dispatcher assigns one eligible vehicle and driver" time="13.804" classname="L4-WEB-ASSIGN-01 — Dispatcher assigns one eligible vehicle and driver">
    </testcase>
    <testcase name="Report 5 L4 — real backend web journeys L4-WEB-ASSIGN-02 — Dispatcher assigns a validated two-vehicle split" time="0.000" classname="L4-WEB-ASSIGN-02 — Dispatcher assigns a validated two-vehicle split">
      <failure message="Timed out retrying after 15000ms: Expected to find content: &apos;/tách chuyến|Chuyến 1/i&apos; but never did." type="AssertionError"><![CDATA[AssertionError: Timed out retrying after 15000ms: Expected to find content: '/tách chuyến|Chuyến 1/i' but never did.
    at assertRealJourneySurface (webpack://elog-fe-e2e-tests/./e2e/l4/report5-web.cy.ts:166:59)
    at Context.eval (webpack://elog-fe-e2e-tests/./e2e/l4/report5-web.cy.ts:209:49)]]></failure>
    </testcase>
    <testcase name="Report 5 L4 — real backend web journeys L4-WEB-ASSIGN-03 — Dispatcher changes resources before dispatch lock" time="13.390" classname="L4-WEB-ASSIGN-03 — Dispatcher changes resources before dispatch lock">
    </testcase>
    <testcase name="Report 5 L4 — real backend web journeys L4-WEB-MANIFEST-01 — Warehouse user generates and reviews LIFO guidance" time="4.830" classname="L4-WEB-MANIFEST-01 — Warehouse user generates and reviews LIFO guidance">
    </testcase>
    <testcase name="Report 5 L4 — real backend web journeys L4-WEB-DISPATCH-01 — Dispatcher reviews assignment readiness" time="13.674" classname="L4-WEB-DISPATCH-01 — Dispatcher reviews assignment readiness">
    </testcase>
    <testcase name="Report 5 L4 — real backend web journeys L4-WEB-DISPATCH-02 — Dispatcher locks and publishes an eligible trip" time="13.386" classname="L4-WEB-DISPATCH-02 — Dispatcher locks and publishes an eligible trip">
    </testcase>
    <testcase name="Report 5 L4 — real backend web journeys L4-WEB-DISPATCH-03 — Repeated dispatch keeps the existing locked trip" time="13.603" classname="L4-WEB-DISPATCH-03 — Repeated dispatch keeps the existing locked trip">
    </testcase>
    <testcase name="Report 5 L4 — real backend web journeys L4-WEB-MON-01 — Dispatcher reviews active-trip fleet status" time="13.549" classname="L4-WEB-MON-01 — Dispatcher reviews active-trip fleet status">
    </testcase>
    <testcase name="Report 5 L4 — real backend web journeys L4-WEB-MON-02 — Dispatcher drills into trip progress" time="4.879" classname="L4-WEB-MON-02 — Dispatcher drills into trip progress">
    </testcase>
    <testcase name="Report 5 L4 — real backend web journeys L4-WEB-MON-03 — Dispatcher reviews current operational violations" time="13.404" classname="L4-WEB-MON-03 — Dispatcher reviews current operational violations">
    </testcase>
    <testcase name="Report 5 L4 — real backend web journeys L4-WEB-EXC-01 — Dispatcher filters and inspects exception detail" time="13.411" classname="L4-WEB-EXC-01 — Dispatcher filters and inspects exception detail">
    </testcase>
    <testcase name="Report 5 L4 — real backend web journeys L4-WEB-EXC-02 — Manager resolves an exception with an audit note" time="13.744" classname="L4-WEB-EXC-02 — Manager resolves an exception with an audit note">
    </testcase>
    <testcase name="Report 5 L4 — real backend web journeys L4-WEB-OUT-01 — Dispatcher reviews submitted trip outcomes" time="13.424" classname="L4-WEB-OUT-01 — Dispatcher reviews submitted trip outcomes">
    </testcase>
    <testcase name="Report 5 L4 — real backend web journeys L4-WEB-OUT-02 — Manager validates a submitted outcome" time="13.227" classname="L4-WEB-OUT-02 — Manager validates a submitted outcome">
    </testcase>
    <testcase name="Report 5 L4 — real backend web journeys L4-WEB-OUT-03 — Manager returns an outcome for audited correction" time="13.230" classname="L4-WEB-OUT-03 — Manager returns an outcome for audited correction">
    </testcase>
    <testcase name="Report 5 L4 — real backend web journeys L4-WEB-KPI-01 — Manager reviews dated KPI summary, trend, and route performance" time="13.687" classname="L4-WEB-KPI-01 — Manager reviews dated KPI summary, trend, and route performance">
    </testcase>
    <testcase name="Report 5 L4 — real backend web journeys L4-WEB-HIST-01 — Auditor searches immutable planning events" time="0.000" classname="L4-WEB-HIST-01 — Auditor searches immutable planning events">
      <failure message="Timed out retrying after 15000ms: expected &apos;&lt;span.ant-menu-title-content&gt;&apos; to be &apos;visible&apos;

This element `&lt;span.ant-menu-title-content&gt;` is not visible because it has CSS property: `position: fixed` and it&apos;s being covered by another element:

`&lt;div class=&quot;elog-profile-info&quot;&gt;...&lt;/div&gt;`" type="AssertionError"><![CDATA[AssertionError: Timed out retrying after 15000ms: expected '<span.ant-menu-title-content>' to be 'visible'

This element `<span.ant-menu-title-content>` is not visible because it has CSS property: `position: fixed` and it's being covered by another element:

`<div class="elog-profile-info">...</div>`
    at assertRealJourneySurface (webpack://elog-fe-e2e-tests/./e2e/l4/report5-web.cy.ts:166:59)
    at Context.eval (webpack://elog-fe-e2e-tests/./e2e/l4/report5-web.cy.ts:209:49)]]></failure>
    </testcase>
    <testcase name="Report 5 L4 — real backend web journeys L4-WEB-HIST-02 — Auditor opens a trip outcome timeline" time="0.000" classname="L4-WEB-HIST-02 — Auditor opens a trip outcome timeline">
      <failure message="Timed out retrying after 15000ms: expected &apos;&lt;span.ant-menu-title-content&gt;&apos; to be &apos;visible&apos;

This element `&lt;span.ant-menu-title-content&gt;` is not visible because it has CSS property: `position: fixed` and it&apos;s being covered by another element:

`&lt;div class=&quot;elog-profile-info&quot;&gt;...&lt;/div&gt;`" type="AssertionError"><![CDATA[AssertionError: Timed out retrying after 15000ms: expected '<span.ant-menu-title-content>' to be 'visible'

This element `<span.ant-menu-title-content>` is not visible because it has CSS property: `position: fixed` and it's being covered by another element:

`<div class="elog-profile-info">...</div>`
    at assertRealJourneySurface (webpack://elog-fe-e2e-tests/./e2e/l4/report5-web.cy.ts:166:59)
    at Context.eval (webpack://elog-fe-e2e-tests/./e2e/l4/report5-web.cy.ts:209:49)]]></failure>
    </testcase>
    <testcase name="Report 5 L4 — real backend web journeys L4-WEB-ADMIN-01 — Administrator creates an internal user" time="13.697" classname="L4-WEB-ADMIN-01 — Administrator creates an internal user">
    </testcase>
    <testcase name="Report 5 L4 — real backend web journeys L4-WEB-ADMIN-02 — Administrator changes the roles of another user" time="13.770" classname="L4-WEB-ADMIN-02 — Administrator changes the roles of another user">
    </testcase>
    <testcase name="Report 5 L4 — real backend web journeys L4-WEB-ADMIN-03 — Administrator updates a role permission set" time="13.456" classname="L4-WEB-ADMIN-03 — Administrator updates a role permission set">
    </testcase>
    <testcase name="Report 5 L4 — real backend web journeys L4-WEB-ADMIN-04 — Administrator creates an active mapped store" time="13.496" classname="L4-WEB-ADMIN-04 — Administrator creates an active mapped store">
    </testcase>
    <testcase name="Report 5 L4 — real backend web journeys L4-WEB-ADMIN-05 — Administrator registers an eligible vehicle" time="13.366" classname="L4-WEB-ADMIN-05 — Administrator registers an eligible vehicle">
    </testcase>
    <testcase name="Report 5 L4 — real backend web journeys L4-WEB-ADMIN-06 — Administrator creates a product with physical attributes" time="13.713" classname="L4-WEB-ADMIN-06 — Administrator creates a product with physical attributes">
    </testcase>
    <testcase name="Report 5 L4 — real backend web journeys L4-WEB-ADMIN-07 — Administrator maintains ordered route stops" time="14.120" classname="L4-WEB-ADMIN-07 — Administrator maintains ordered route stops">
    </testcase>
    <testcase name="Report 5 L4 — real backend web journeys L4-WEB-ADMIN-08 — Administrator records driver availability status" time="13.997" classname="L4-WEB-ADMIN-08 — Administrator records driver availability status">
    </testcase>
  </testsuite>
</testsuites>